<?xml version="1.0" encoding="UTF-8"?>
<!-- Generated by org.testng.reporters.JUnitXMLReporter -->
<testsuite hostname="DESKTOP-9OKFGB2" ignored="0" name="TC-01" tests="3" failures="0" timestamp="2020-10-05T01:12:39 IST" time="45.163" errors="0">
  <testcase name="getNDTVWeatherDetails" time="23.952" classname="com.TestV.testCases.TC_001_NDTVWeatherDetails"/>
  <testcase name="getAPIWeatherDetails" time="1.949" classname="com.TestV.apiTestCases.Test_002_GetRequestWeather"/>
  <testcase name="compareNDTV_API" time="0.013" classname="com.TestV.testCases.TC_003_Compare_NDTV_API"/>
</testsuite> <!-- TC-01 -->
