<?xml version="1.0" encoding="UTF-8"?>
<testng-results skipped="0" failed="0" ignored="0" total="1" passed="1">
  <reporter-output>
  </reporter-output>
  <suite name="Surefire suite" duration-ms="37883" started-at="2020-10-06T17:43:43 IST" finished-at="2020-10-06T17:44:21 IST">
    <groups>
    </groups>
    <test name="Surefire test" duration-ms="37883" started-at="2020-10-06T17:43:43 IST" finished-at="2020-10-06T17:44:21 IST">
      <class name="com.TestV.apiTestCases.Test_002_GetRequestWeather">
        <test-method status="PASS" signature="setup()[pri:0, instance:com.TestV.apiTestCases.Test_002_GetRequestWeather@11bd0f3b]" name="setup" is-config="true" duration-ms="1562" started-at="2020-10-06T17:43:44 IST" finished-at="2020-10-06T17:43:45 IST">
          <reporter-output>
          </reporter-output>
        </test-method> <!-- setup -->
        <test-method status="PASS" signature="getWeatherDetails()[pri:0, instance:com.TestV.apiTestCases.Test_002_GetRequestWeather@11bd0f3b]" name="getWeatherDetails" is-config="true" duration-ms="25147" started-at="2020-10-06T17:43:45 IST" finished-at="2020-10-06T17:44:10 IST">
          <reporter-output>
          </reporter-output>
        </test-method> <!-- getWeatherDetails -->
        <test-method status="PASS" signature="getAPIWeatherDetails()[pri:0, instance:com.TestV.apiTestCases.Test_002_GetRequestWeather@11bd0f3b]" name="getAPIWeatherDetails" duration-ms="10667" started-at="2020-10-06T17:44:11 IST" finished-at="2020-10-06T17:44:21 IST">
          <reporter-output>
          </reporter-output>
        </test-method> <!-- getAPIWeatherDetails -->
        <test-method status="PASS" signature="tearDown()[pri:0, instance:com.TestV.apiTestCases.Test_002_GetRequestWeather@11bd0f3b]" name="tearDown" is-config="true" duration-ms="2" started-at="2020-10-06T17:44:21 IST" finished-at="2020-10-06T17:44:21 IST">
          <reporter-output>
          </reporter-output>
        </test-method> <!-- tearDown -->
      </class> <!-- com.TestV.apiTestCases.Test_002_GetRequestWeather -->
    </test> <!-- Surefire test -->
  </suite> <!-- Surefire suite -->
</testng-results>
